Starting job 8202907 on c6-1 on saga at Mon Mar 20 14:01:24 CET 2023

Read: 
../../../final_demo_data/rat_data/out_data/DMR_CpG_context/out_map2genome/5_chroms_all_mr_data_range_dmrRanking_TSS_Up5000_Down1000_removedShort_overlap1e-09.bed
../../../final_demo_data/rat_data/out_data/DMR_CpG_context/out_map2genome/5_chroms_all_mr_data_range_dmrRanking_noGenes_5dist_Up1000000_Up5000removedShort_overlap1e-09.bed
../../../final_demo_data/rat_data/in_data/DEG/Adrenal1vsAdrenal2_DEG_genes_zscores.tsv
Export:
	  ../../../final_demo_data/rat_data/out_data/DMR_CpG_context/dmr_regions_in_deg_tss_5dist_rat.bed
Find DMR regions are overlapping with DEG of TSS and 5distance regions - Done
Read:
../../../final_demo_data/rat_data/out_data/DMR_CpG_context/5_chroms_all_mr_data_range_dmrRanking.bed
../../../final_demo_data/rat_data/out_data/DMR_CpG_context/data/TSS_Up5000_Down1000_removedShort.bed
Export:
	 ../../../final_demo_data/rat_data/out_data/DMR_CpG_context/mr_regions_not_in_enhancers_tss.bed
Read: 
../../../final_demo_data/rat_data/out_data/DMR_CpG_context/dmr_regions_in_deg_tss_5dist_rat.bed
Export: 
	 ../../../final_demo_data/rat_data/out_data/DMR_CpG_context/uqdmr_regions_in_deg_tss_5dist_rat.bed
../../../final_demo_data/rat_data/out_data/DMR_CpG_context/uqGeneDmr_regions_in_deg_tss_5dist_rat.bed
../../../final_demo_data/rat_data/out_data/DMR_CpG_context/uqGeneDmr_regions_in_deg_tss_rat.bed
../../../final_demo_data/rat_data/out_data/DMR_CpG_context/uqGeneDmr_regions_in_deg_5dist_rat_overlap_enhancer.bed
Remove: 

 ../../../final_demo_data/rat_data/out_data/DMR_CpG_context/uqGeneDmr_regions_in_deg_tss_5dist_rat.bed 
 ../../../final_demo_data/rat_data/out_data/DMR_CpG_context/dmr_regions_in_deg_5dist_rat.bed 
 ../../../final_demo_data/rat_data/out_data/DMR_CpG_context/dmr_regions_in_deg_5dist_rat_overlap_enhancer.bed
Export exp file:
../../../final_demo_data/rat_data/in_data/DEG/Adrenal1vsAdrenal2_DEG_genes_zscores_tab.tsv
Prepare DMR files for gene-DMR target prediction - Done 
../../../final_demo_data/rat_data/out_data/DMR_CpG_context/chr1/plots/chr1_all_mr_data.tsv
../../../final_demo_data/rat_data/out_data/DMR_CpG_context/chr1/chr1_MR_data4maxBlockDistance_1000_minBlockSize_5_data.txt.gz
../../../final_demo_data/rat_data/out_data/DMR_CpG_context/chr1/plots/chr1_1_mr_parameters.tsv
chr1_maxDist_1000_minSize_5_DMR_clusterAccuracy_gt_0.5_miniMethyChange_gt_0.05_0.1_0.2_high_miniPercentChange_gt_0.0001_Pcutoff_0.05_isSmooth_2_isModTest_0_29_1
Log file: ../../../final_demo_data/rat_data/out_data/DMR_CpG_context//out4dmr_in_deg_tss_5dist/chr1/chr1_maxlength_1000_miniSize_5_myapp.log_0
Create:  ../../../final_demo_data/rat_data/out_data/DMR_CpG_context//out4dmr_in_deg_tss_5dist/chr1/data
1
../../../final_demo_data/rat_data/out_data/DMR_CpG_context/chr1/plots/chr1_all_mr_data.tsv
../../../final_demo_data/rat_data/out_data/DMR_CpG_context/chr1/chr1_MR_data4maxBlockDistance_1000_minBlockSize_5_data.txt.gz
../../../final_demo_data/rat_data/out_data/DMR_CpG_context/chr1/plots/chr1_1_mr_parameters.tsv
chr1_maxDist_1000_minSize_5_DMR_clusterAccuracy_gt_0.5_miniMethyChange_gt_0.05_0.1_0.2_high_miniPercentChange_gt_0.0001_Pcutoff_0.05_isSmooth_2_isModTest_0_29_1
Log file: ../../../final_demo_data/rat_data/out_data/DMR_CpG_context//out4dmr_in_deg_tss_5dist/chr1/chr1_maxlength_1000_miniSize_5_myapp.log_0
1
../../../final_demo_data/rat_data/out_data/DMR_CpG_context/chr1/plots/chr1_all_mr_data.tsv
../../../final_demo_data/rat_data/out_data/DMR_CpG_context/chr1/chr1_MR_data4maxBlockDistance_1000_minBlockSize_5_data.txt.gz
../../../final_demo_data/rat_data/out_data/DMR_CpG_context/chr1/plots/chr1_1_mr_parameters.tsv
chr1_maxDist_1000_minSize_5_DMR_clusterAccuracy_gt_0.5_miniMethyChange_gt_0.05_0.1_0.2_high_miniPercentChange_gt_0.0001_Pcutoff_0.05_isSmooth_2_isModTest_0_29_1
Log file: ../../../final_demo_data/rat_data/out_data/DMR_CpG_context//out4dmr_in_deg_tss_5dist/chr1/chr1_maxlength_1000_miniSize_5_myapp.log_0
1
../../../final_demo_data/rat_data/out_data/DMR_CpG_context/chr1/plots/chr1_all_mr_data.tsv
../../../final_demo_data/rat_data/out_data/DMR_CpG_context/chr1/chr1_MR_data4maxBlockDistance_1000_minBlockSize_5_data.txt.gz
../../../final_demo_data/rat_data/out_data/DMR_CpG_context/chr1/plots/chr1_1_mr_parameters.tsv
chr1_maxDist_1000_minSize_5_DMR_clusterAccuracy_gt_0.5_miniMethyChange_gt_0.05_0.1_0.2_high_miniPercentChange_gt_0.0001_Pcutoff_0.05_isSmooth_2_isModTest_0_29_1
Log file: ../../../final_demo_data/rat_data/out_data/DMR_CpG_context//out4dmr_in_deg_tss_5dist/chr1/chr1_maxlength_1000_miniSize_5_myapp.log_0
1
../../../final_demo_data/rat_data/out_data/DMR_CpG_context/chr1/plots/chr1_all_mr_data.tsv
../../../final_demo_data/rat_data/out_data/DMR_CpG_context/chr1/chr1_MR_data4maxBlockDistance_1000_minBlockSize_5_data.txt.gz
../../../final_demo_data/rat_data/out_data/DMR_CpG_context/chr1/plots/chr1_1_mr_parameters.tsv
chr1_maxDist_1000_minSize_5_DMR_clusterAccuracy_gt_0.5_miniMethyChange_gt_0.05_0.1_0.2_high_miniPercentChange_gt_0.0001_Pcutoff_0.05_isSmooth_2_isModTest_0_29_1
Log file: ../../../final_demo_data/rat_data/out_data/DMR_CpG_context//out4dmr_in_deg_tss_5dist/chr1/chr1_maxlength_1000_miniSize_5_myapp.log_0
1
../../../final_demo_data/rat_data/out_data/DMR_CpG_context/chr1/plots/chr1_all_mr_data.tsv
../../../final_demo_data/rat_data/out_data/DMR_CpG_context/chr1/chr1_MR_data4maxBlockDistance_1000_minBlockSize_5_data.txt.gz
../../../final_demo_data/rat_data/out_data/DMR_CpG_context/chr1/plots/chr1_1_mr_parameters.tsv
chr1_maxDist_1000_minSize_5_DMR_clusterAccuracy_gt_0.5_miniMethyChange_gt_0.05_0.1_0.2_high_miniPercentChange_gt_0.0001_Pcutoff_0.05_isSmooth_2_isModTest_0_29_1
Log file: ../../../final_demo_data/rat_data/out_data/DMR_CpG_context//out4dmr_in_deg_tss_5dist/chr1/chr1_maxlength_1000_miniSize_5_myapp.log_0
1
../../../final_demo_data/rat_data/out_data/DMR_CpG_context/chr1/plots/chr1_all_mr_data.tsv
../../../final_demo_data/rat_data/out_data/DMR_CpG_context/chr1/chr1_MR_data4maxBlockDistance_1000_minBlockSize_5_data.txt.gz
../../../final_demo_data/rat_data/out_data/DMR_CpG_context/chr1/plots/chr1_1_mr_parameters.tsv
chr1_maxDist_1000_minSize_5_DMR_clusterAccuracy_gt_0.5_miniMethyChange_gt_0.05_0.1_0.2_high_miniPercentChange_gt_0.0001_Pcutoff_0.05_isSmooth_2_isModTest_0_29_1
Log file: ../../../final_demo_data/rat_data/out_data/DMR_CpG_context//out4dmr_in_deg_tss_5dist/chr1/chr1_maxlength_1000_miniSize_5_myapp.log_0
1
../../../final_demo_data/rat_data/out_data/DMR_CpG_context/chr1/plots/chr1_all_mr_data.tsv
../../../final_demo_data/rat_data/out_data/DMR_CpG_context/chr1/chr1_MR_data4maxBlockDistance_1000_minBlockSize_5_data.txt.gz
../../../final_demo_data/rat_data/out_data/DMR_CpG_context/chr1/plots/chr1_1_mr_parameters.tsv
chr1_maxDist_1000_minSize_5_DMR_clusterAccuracy_gt_0.5_miniMethyChange_gt_0.05_0.1_0.2_high_miniPercentChange_gt_0.0001_Pcutoff_0.05_isSmooth_2_isModTest_0_29_1
Log file: ../../../final_demo_data/rat_data/out_data/DMR_CpG_context//out4dmr_in_deg_tss_5dist/chr1/chr1_maxlength_1000_miniSize_5_myapp.log_0
1
../../../final_demo_data/rat_data/out_data/DMR_CpG_context/chr2/plots/chr2_all_mr_data.tsv
../../../final_demo_data/rat_data/out_data/DMR_CpG_context/chr2/chr2_MR_data4maxBlockDistance_1000_minBlockSize_5_data.txt.gz
../../../final_demo_data/rat_data/out_data/DMR_CpG_context/chr2/plots/chr2_1_mr_parameters.tsv
chr2_maxDist_1000_minSize_5_DMR_clusterAccuracy_gt_0.5_miniMethyChange_gt_0.05_0.1_0.2_high_miniPercentChange_gt_0.0001_Pcutoff_0.05_isSmooth_2_isModTest_0_44_1
Log file: ../../../final_demo_data/rat_data/out_data/DMR_CpG_context//out4dmr_in_deg_tss_5dist/chr2/chr2_maxlength_1000_miniSize_5_myapp.log_0
Traceback (most recent call last):
  File "/cluster/home/junbaiw/nn4605k/junbaiw/miniconda3/envs/testapp/bin/dmr_analysis", line 33, in <module>
    sys.exit(load_entry_point('dmr-analysis', 'console_scripts', 'dmr_analysis')())
  File "/cluster/projects/nn4605k/junbaiw/rrpathology/local/FL_project2019/in_meth/dmr_analysis/dmr_analysis/dmr_analysis.py", line 102, in main
    Main()
  File "/cluster/projects/nn4605k/junbaiw/rrpathology/local/FL_project2019/in_meth/dmr_analysis/dmr_analysis/dmr_analysis.py", line 32, in __init__
    getattr(self,args.task)()
  File "/cluster/projects/nn4605k/junbaiw/rrpathology/local/FL_project2019/in_meth/dmr_analysis/dmr_analysis/dmr_analysis.py", line 50, in dmr_selected4plot
    run(parser.parse_args(sys.argv[2:]))
  File "/cluster/projects/nn4605k/junbaiw/rrpathology/local/FL_project2019/in_meth/dmr_analysis/dmr_analysis/script/dmr_selected4plot.py", line 206, in run
    main(logger_n, needs_check, in_dmr_df, in_chrm,in_data_df, \
  File "/cluster/projects/nn4605k/junbaiw/rrpathology/local/FL_project2019/in_meth/dmr_analysis/dmr_analysis/script/dmr_selected4plot.py", line 112, in main
    show_selected_dmr(logger_n,tmp_chr, in_chrm, tmp_pos, in_data_df, data_start_col,\
  File "/cluster/projects/nn4605k/junbaiw/rrpathology/local/FL_project2019/in_meth/dmr_analysis/dmr_analysis/script/script_high/plot_dmr.py", line 67, in show_selected_dmr
    statistic_test_p, cluster_accuracy, negative_percent2, positive_percent2,results2, total_percent2 = do_DMR_analysis_in_a_block(logger_n,percent_cutoff, selected_data2tumor,
  File "/cluster/projects/nn4605k/junbaiw/rrpathology/local/FL_project2019/in_meth/dmr_analysis/dmr_analysis/script/script_high/dmr_data_analysis.py", line 569, in do_DMR_analysis_in_a_block
    export_selected_dmr_data(tmp_chr,tmp_id,block_methylation_columns, gcb_col_idx,tumor_col_idx,list(xnew), all_smooth,dotOrUnderscore, 
  File "/cluster/projects/nn4605k/junbaiw/rrpathology/local/FL_project2019/in_meth/dmr_analysis/dmr_analysis/script/script_high/dmr_data_analysis.py", line 414, in export_selected_dmr_data
    os.mkdir(out_folder_data)
FileExistsError: [Errno 17] File exists: '../../../final_demo_data/rat_data/out_data/DMR_CpG_context//out4dmr_in_deg_tss_5dist/chr2/data'
../../../final_demo_data/rat_data/out_data/DMR_CpG_context/chr2/plots/chr2_all_mr_data.tsv
../../../final_demo_data/rat_data/out_data/DMR_CpG_context/chr2/chr2_MR_data4maxBlockDistance_1000_minBlockSize_5_data.txt.gz
../../../final_demo_data/rat_data/out_data/DMR_CpG_context/chr2/plots/chr2_1_mr_parameters.tsv
chr2_maxDist_1000_minSize_5_DMR_clusterAccuracy_gt_0.5_miniMethyChange_gt_0.05_0.1_0.2_high_miniPercentChange_gt_0.0001_Pcutoff_0.05_isSmooth_2_isModTest_0_44_1
Log file: ../../../final_demo_data/rat_data/out_data/DMR_CpG_context//out4dmr_in_deg_tss_5dist/chr2/chr2_maxlength_1000_miniSize_5_myapp.log_0
Create:  ../../../final_demo_data/rat_data/out_data/DMR_CpG_context//out4dmr_in_deg_tss_5dist/chr2/data
1
../../../final_demo_data/rat_data/out_data/DMR_CpG_context/chr2/plots/chr2_all_mr_data.tsv
../../../final_demo_data/rat_data/out_data/DMR_CpG_context/chr2/chr2_MR_data4maxBlockDistance_1000_minBlockSize_5_data.txt.gz
../../../final_demo_data/rat_data/out_data/DMR_CpG_context/chr2/plots/chr2_1_mr_parameters.tsv
chr2_maxDist_1000_minSize_5_DMR_clusterAccuracy_gt_0.5_miniMethyChange_gt_0.05_0.1_0.2_high_miniPercentChange_gt_0.0001_Pcutoff_0.05_isSmooth_2_isModTest_0_44_1
Log file: ../../../final_demo_data/rat_data/out_data/DMR_CpG_context//out4dmr_in_deg_tss_5dist/chr2/chr2_maxlength_1000_miniSize_5_myapp.log_0
1
../../../final_demo_data/rat_data/out_data/DMR_CpG_context/chr3/plots/chr3_all_mr_data.tsv
../../../final_demo_data/rat_data/out_data/DMR_CpG_context/chr3/chr3_MR_data4maxBlockDistance_1000_minBlockSize_5_data.txt.gz
../../../final_demo_data/rat_data/out_data/DMR_CpG_context/chr3/plots/chr3_1_mr_parameters.tsv
chr3_maxDist_1000_minSize_5_DMR_clusterAccuracy_gt_0.5_miniMethyChange_gt_0.05_0.1_0.2_high_miniPercentChange_gt_0.0001_Pcutoff_0.05_isSmooth_2_isModTest_0_44_1
Log file: ../../../final_demo_data/rat_data/out_data/DMR_CpG_context//out4dmr_in_deg_tss_5dist/chr3/chr3_maxlength_1000_miniSize_5_myapp.log_0
Create:  ../../../final_demo_data/rat_data/out_data/DMR_CpG_context//out4dmr_in_deg_tss_5dist/chr3/data
1
2
../../../final_demo_data/rat_data/out_data/DMR_CpG_context/chr3/plots/chr3_all_mr_data.tsv
../../../final_demo_data/rat_data/out_data/DMR_CpG_context/chr3/chr3_MR_data4maxBlockDistance_1000_minBlockSize_5_data.txt.gz
../../../final_demo_data/rat_data/out_data/DMR_CpG_context/chr3/plots/chr3_1_mr_parameters.tsv
chr3_maxDist_1000_minSize_5_DMR_clusterAccuracy_gt_0.5_miniMethyChange_gt_0.05_0.1_0.2_high_miniPercentChange_gt_0.0001_Pcutoff_0.05_isSmooth_2_isModTest_0_44_1
Log file: ../../../final_demo_data/rat_data/out_data/DMR_CpG_context//out4dmr_in_deg_tss_5dist/chr3/chr3_maxlength_1000_miniSize_5_myapp.log_0
1
2
../../../final_demo_data/rat_data/out_data/DMR_CpG_context/chrX/plots/chrX_all_mr_data.tsv
../../../final_demo_data/rat_data/out_data/DMR_CpG_context/chrX/chrX_MR_data4maxBlockDistance_1000_minBlockSize_5_data.txt.gz
../../../final_demo_data/rat_data/out_data/DMR_CpG_context/chrX/plots/chrX_1_mr_parameters.tsv
chrX_maxDist_1000_minSize_5_DMR_clusterAccuracy_gt_0.5_miniMethyChange_gt_0.05_0.1_0.2_high_miniPercentChange_gt_0.0001_Pcutoff_0.05_isSmooth_2_isModTest_0_337_1
Log file: ../../../final_demo_data/rat_data/out_data/DMR_CpG_context//out4dmr_in_deg_tss_5dist/chrX/chrX_maxlength_1000_miniSize_5_myapp.log_0
1
2
3
4
5
6
7
8
9
10
11
12
13
14
15
16
17
18
19
20
21
22
23
24
25
26
../../../final_demo_data/rat_data/out_data/DMR_CpG_context/chrX/plots/chrX_all_mr_data.tsv
../../../final_demo_data/rat_data/out_data/DMR_CpG_context/chrX/chrX_MR_data4maxBlockDistance_1000_minBlockSize_5_data.txt.gz
../../../final_demo_data/rat_data/out_data/DMR_CpG_context/chrX/plots/chrX_1_mr_parameters.tsv
chrX_maxDist_1000_minSize_5_DMR_clusterAccuracy_gt_0.5_miniMethyChange_gt_0.05_0.1_0.2_high_miniPercentChange_gt_0.0001_Pcutoff_0.05_isSmooth_2_isModTest_0_337_1
Log file: ../../../final_demo_data/rat_data/out_data/DMR_CpG_context//out4dmr_in_deg_tss_5dist/chrX/chrX_maxlength_1000_miniSize_5_myapp.log_0
Create:  ../../../final_demo_data/rat_data/out_data/DMR_CpG_context//out4dmr_in_deg_tss_5dist/chrX/data
1
2
3
4
5
6
7
8
9
10
11
12
13
14
15
16
17
18
19
20
21
22
23
24
25
26
27
../../../final_demo_data/rat_data/out_data/DMR_CpG_context/chrY/plots/chrY_all_mr_data.tsv
../../../final_demo_data/rat_data/out_data/DMR_CpG_context/chrY/chrY_MR_data4maxBlockDistance_1000_minBlockSize_5_data.txt.gz
../../../final_demo_data/rat_data/out_data/DMR_CpG_context/chrY/plots/chrY_1_mr_parameters.tsv
chrY_maxDist_1000_minSize_5_DMR_clusterAccuracy_gt_0.5_miniMethyChange_gt_0.05_0.1_0.2_high_miniPercentChange_gt_0.0001_Pcutoff_0.05_isSmooth_2_isModTest_0_242_1
Log file: ../../../final_demo_data/rat_data/out_data/DMR_CpG_context//out4dmr_in_deg_tss_5dist/chrY/chrY_maxlength_1000_miniSize_5_myapp.log_0
Create:  ../../../final_demo_data/rat_data/out_data/DMR_CpG_context//out4dmr_in_deg_tss_5dist/chrY/data
1
2
3
4
5
6
7
8
9
10
11
12
13
14
15
../../../final_demo_data/rat_data/out_data/DMR_CpG_context/chrY/plots/chrY_all_mr_data.tsv
../../../final_demo_data/rat_data/out_data/DMR_CpG_context/chrY/chrY_MR_data4maxBlockDistance_1000_minBlockSize_5_data.txt.gz
../../../final_demo_data/rat_data/out_data/DMR_CpG_context/chrY/plots/chrY_1_mr_parameters.tsv
chrY_maxDist_1000_minSize_5_DMR_clusterAccuracy_gt_0.5_miniMethyChange_gt_0.05_0.1_0.2_high_miniPercentChange_gt_0.0001_Pcutoff_0.05_isSmooth_2_isModTest_0_242_1
Log file: ../../../final_demo_data/rat_data/out_data/DMR_CpG_context//out4dmr_in_deg_tss_5dist/chrY/chrY_maxlength_1000_miniSize_5_myapp.log_0
1
2
3
4
5
6
7
8
9
10
11
12
13
14
15
Input file in bed format:  chr; start; end; chr:mrID:chrStart,..,chrEnd:mrType:D/U; p-value 
8 chr1
Number of blocks smaller than the number of available processes 
../../../final_demo_data/rat_data/out_data/DMR_CpG_context/chr1
../../../final_demo_data/rat_data/out_data/DMR_CpG_context/chr1
../../../final_demo_data/rat_data/out_data/DMR_CpG_context/chr1
../../../final_demo_data/rat_data/out_data/DMR_CpG_context/chr1
../../../final_demo_data/rat_data/out_data/DMR_CpG_context/chr1
../../../final_demo_data/rat_data/out_data/DMR_CpG_context/chr1
../../../final_demo_data/rat_data/out_data/DMR_CpG_context/chr1
../../../final_demo_data/rat_data/out_data/DMR_CpG_context/chr1
Running  8  jobs in  8  parallel processes!
3 chr2
Number of blocks smaller than the number of available processes 
../../../final_demo_data/rat_data/out_data/DMR_CpG_context/chr2
../../../final_demo_data/rat_data/out_data/DMR_CpG_context/chr2
../../../final_demo_data/rat_data/out_data/DMR_CpG_context/chr2
Running  3  jobs in  3  parallel processes!
4 chr3
Number of blocks smaller than the number of available processes 
../../../final_demo_data/rat_data/out_data/DMR_CpG_context/chr3
../../../final_demo_data/rat_data/out_data/DMR_CpG_context/chr3
Running  2  jobs in  2  parallel processes!
53 chrX
../../../final_demo_data/rat_data/out_data/DMR_CpG_context/chrX
../../../final_demo_data/rat_data/out_data/DMR_CpG_context/chrX
Running  2  jobs in  2  parallel processes!
30 chrY
../../../final_demo_data/rat_data/out_data/DMR_CpG_context/chrY
../../../final_demo_data/rat_data/out_data/DMR_CpG_context/chrY
Running  2  jobs in  2  parallel processes!
../../../final_demo_data/rat_data/out_data/DMR_CpG_context/chr1/plots/chr1_all_mr_data.tsv
../../../final_demo_data/rat_data/out_data/DMR_CpG_context/chr1/chr1_MR_data4maxBlockDistance_1000_minBlockSize_5_data.txt.gz
../../../final_demo_data/rat_data/out_data/DMR_CpG_context/chr1/plots/chr1_1_mr_parameters.tsv
chr1_maxDist_1000_minSize_5_DMR_clusterAccuracy_gt_0.5_miniMethyChange_gt_0.05_0.1_0.2_high_miniPercentChange_gt_0.0001_Pcutoff_0.05_isSmooth_2_isModTest_0_29_1
Log file: ../../../final_demo_data/rat_data/out_data/DMR_CpG_context//out4mr_not_in_tss_enhancer/chr1/chr1_maxlength_1000_miniSize_5_myapp.log_0
Create:  ../../../final_demo_data/rat_data/out_data/DMR_CpG_context//out4mr_not_in_tss_enhancer/chr1/data
1
../../../final_demo_data/rat_data/out_data/DMR_CpG_context/chr1/plots/chr1_all_mr_data.tsv
../../../final_demo_data/rat_data/out_data/DMR_CpG_context/chr1/chr1_MR_data4maxBlockDistance_1000_minBlockSize_5_data.txt.gz
../../../final_demo_data/rat_data/out_data/DMR_CpG_context/chr1/plots/chr1_1_mr_parameters.tsv
chr1_maxDist_1000_minSize_5_DMR_clusterAccuracy_gt_0.5_miniMethyChange_gt_0.05_0.1_0.2_high_miniPercentChange_gt_0.0001_Pcutoff_0.05_isSmooth_2_isModTest_0_29_1
Log file: ../../../final_demo_data/rat_data/out_data/DMR_CpG_context//out4mr_not_in_tss_enhancer/chr1/chr1_maxlength_1000_miniSize_5_myapp.log_0
1
../../../final_demo_data/rat_data/out_data/DMR_CpG_context/chr1/plots/chr1_all_mr_data.tsv
../../../final_demo_data/rat_data/out_data/DMR_CpG_context/chr1/chr1_MR_data4maxBlockDistance_1000_minBlockSize_5_data.txt.gz
../../../final_demo_data/rat_data/out_data/DMR_CpG_context/chr1/plots/chr1_1_mr_parameters.tsv
chr1_maxDist_1000_minSize_5_DMR_clusterAccuracy_gt_0.5_miniMethyChange_gt_0.05_0.1_0.2_high_miniPercentChange_gt_0.0001_Pcutoff_0.05_isSmooth_2_isModTest_0_29_1
Log file: ../../../final_demo_data/rat_data/out_data/DMR_CpG_context//out4mr_not_in_tss_enhancer/chr1/chr1_maxlength_1000_miniSize_5_myapp.log_0
1
../../../final_demo_data/rat_data/out_data/DMR_CpG_context/chr1/plots/chr1_all_mr_data.tsv
../../../final_demo_data/rat_data/out_data/DMR_CpG_context/chr1/chr1_MR_data4maxBlockDistance_1000_minBlockSize_5_data.txt.gz
../../../final_demo_data/rat_data/out_data/DMR_CpG_context/chr1/plots/chr1_1_mr_parameters.tsv
chr1_maxDist_1000_minSize_5_DMR_clusterAccuracy_gt_0.5_miniMethyChange_gt_0.05_0.1_0.2_high_miniPercentChange_gt_0.0001_Pcutoff_0.05_isSmooth_2_isModTest_0_29_1
Log file: ../../../final_demo_data/rat_data/out_data/DMR_CpG_context//out4mr_not_in_tss_enhancer/chr1/chr1_maxlength_1000_miniSize_5_myapp.log_0
1
../../../final_demo_data/rat_data/out_data/DMR_CpG_context/chr1/plots/chr1_all_mr_data.tsv
../../../final_demo_data/rat_data/out_data/DMR_CpG_context/chr1/chr1_MR_data4maxBlockDistance_1000_minBlockSize_5_data.txt.gz
../../../final_demo_data/rat_data/out_data/DMR_CpG_context/chr1/plots/chr1_1_mr_parameters.tsv
chr1_maxDist_1000_minSize_5_DMR_clusterAccuracy_gt_0.5_miniMethyChange_gt_0.05_0.1_0.2_high_miniPercentChange_gt_0.0001_Pcutoff_0.05_isSmooth_2_isModTest_0_29_1
Log file: ../../../final_demo_data/rat_data/out_data/DMR_CpG_context//out4mr_not_in_tss_enhancer/chr1/chr1_maxlength_1000_miniSize_5_myapp.log_0
1
../../../final_demo_data/rat_data/out_data/DMR_CpG_context/chr1/plots/chr1_all_mr_data.tsv
../../../final_demo_data/rat_data/out_data/DMR_CpG_context/chr1/chr1_MR_data4maxBlockDistance_1000_minBlockSize_5_data.txt.gz
../../../final_demo_data/rat_data/out_data/DMR_CpG_context/chr1/plots/chr1_1_mr_parameters.tsv
chr1_maxDist_1000_minSize_5_DMR_clusterAccuracy_gt_0.5_miniMethyChange_gt_0.05_0.1_0.2_high_miniPercentChange_gt_0.0001_Pcutoff_0.05_isSmooth_2_isModTest_0_29_1
Log file: ../../../final_demo_data/rat_data/out_data/DMR_CpG_context//out4mr_not_in_tss_enhancer/chr1/chr1_maxlength_1000_miniSize_5_myapp.log_0
1
../../../final_demo_data/rat_data/out_data/DMR_CpG_context/chr1/plots/chr1_all_mr_data.tsv
../../../final_demo_data/rat_data/out_data/DMR_CpG_context/chr1/chr1_MR_data4maxBlockDistance_1000_minBlockSize_5_data.txt.gz
../../../final_demo_data/rat_data/out_data/DMR_CpG_context/chr1/plots/chr1_1_mr_parameters.tsv
chr1_maxDist_1000_minSize_5_DMR_clusterAccuracy_gt_0.5_miniMethyChange_gt_0.05_0.1_0.2_high_miniPercentChange_gt_0.0001_Pcutoff_0.05_isSmooth_2_isModTest_0_29_1
Log file: ../../../final_demo_data/rat_data/out_data/DMR_CpG_context//out4mr_not_in_tss_enhancer/chr1/chr1_maxlength_1000_miniSize_5_myapp.log_0
1
../../../final_demo_data/rat_data/out_data/DMR_CpG_context/chr1/plots/chr1_all_mr_data.tsv
../../../final_demo_data/rat_data/out_data/DMR_CpG_context/chr1/chr1_MR_data4maxBlockDistance_1000_minBlockSize_5_data.txt.gz
../../../final_demo_data/rat_data/out_data/DMR_CpG_context/chr1/plots/chr1_1_mr_parameters.tsv
chr1_maxDist_1000_minSize_5_DMR_clusterAccuracy_gt_0.5_miniMethyChange_gt_0.05_0.1_0.2_high_miniPercentChange_gt_0.0001_Pcutoff_0.05_isSmooth_2_isModTest_0_29_1
Log file: ../../../final_demo_data/rat_data/out_data/DMR_CpG_context//out4mr_not_in_tss_enhancer/chr1/chr1_maxlength_1000_miniSize_5_myapp.log_0
1
../../../final_demo_data/rat_data/out_data/DMR_CpG_context/chr2/plots/chr2_all_mr_data.tsv
../../../final_demo_data/rat_data/out_data/DMR_CpG_context/chr2/chr2_MR_data4maxBlockDistance_1000_minBlockSize_5_data.txt.gz
../../../final_demo_data/rat_data/out_data/DMR_CpG_context/chr2/plots/chr2_1_mr_parameters.tsv
chr2_maxDist_1000_minSize_5_DMR_clusterAccuracy_gt_0.5_miniMethyChange_gt_0.05_0.1_0.2_high_miniPercentChange_gt_0.0001_Pcutoff_0.05_isSmooth_2_isModTest_0_44_1
Log file: ../../../final_demo_data/rat_data/out_data/DMR_CpG_context//out4mr_not_in_tss_enhancer/chr2/chr2_maxlength_1000_miniSize_5_myapp.log_0
1
2
../../../final_demo_data/rat_data/out_data/DMR_CpG_context/chr2/plots/chr2_all_mr_data.tsv
../../../final_demo_data/rat_data/out_data/DMR_CpG_context/chr2/chr2_MR_data4maxBlockDistance_1000_minBlockSize_5_data.txt.gz
../../../final_demo_data/rat_data/out_data/DMR_CpG_context/chr2/plots/chr2_1_mr_parameters.tsv
chr2_maxDist_1000_minSize_5_DMR_clusterAccuracy_gt_0.5_miniMethyChange_gt_0.05_0.1_0.2_high_miniPercentChange_gt_0.0001_Pcutoff_0.05_isSmooth_2_isModTest_0_44_1
Log file: ../../../final_demo_data/rat_data/out_data/DMR_CpG_context//out4mr_not_in_tss_enhancer/chr2/chr2_maxlength_1000_miniSize_5_myapp.log_0
1
2
3
../../../final_demo_data/rat_data/out_data/DMR_CpG_context/chr2/plots/chr2_all_mr_data.tsv
../../../final_demo_data/rat_data/out_data/DMR_CpG_context/chr2/chr2_MR_data4maxBlockDistance_1000_minBlockSize_5_data.txt.gz
../../../final_demo_data/rat_data/out_data/DMR_CpG_context/chr2/plots/chr2_1_mr_parameters.tsv
chr2_maxDist_1000_minSize_5_DMR_clusterAccuracy_gt_0.5_miniMethyChange_gt_0.05_0.1_0.2_high_miniPercentChange_gt_0.0001_Pcutoff_0.05_isSmooth_2_isModTest_0_44_1
Log file: ../../../final_demo_data/rat_data/out_data/DMR_CpG_context//out4mr_not_in_tss_enhancer/chr2/chr2_maxlength_1000_miniSize_5_myapp.log_0
Create:  ../../../final_demo_data/rat_data/out_data/DMR_CpG_context//out4mr_not_in_tss_enhancer/chr2/data
1
2
3
../../../final_demo_data/rat_data/out_data/DMR_CpG_context/chr2/plots/chr2_all_mr_data.tsv
../../../final_demo_data/rat_data/out_data/DMR_CpG_context/chr2/chr2_MR_data4maxBlockDistance_1000_minBlockSize_5_data.txt.gz
../../../final_demo_data/rat_data/out_data/DMR_CpG_context/chr2/plots/chr2_1_mr_parameters.tsv
chr2_maxDist_1000_minSize_5_DMR_clusterAccuracy_gt_0.5_miniMethyChange_gt_0.05_0.1_0.2_high_miniPercentChange_gt_0.0001_Pcutoff_0.05_isSmooth_2_isModTest_0_44_1
Log file: ../../../final_demo_data/rat_data/out_data/DMR_CpG_context//out4mr_not_in_tss_enhancer/chr2/chr2_maxlength_1000_miniSize_5_myapp.log_0
1
2
3
../../../final_demo_data/rat_data/out_data/DMR_CpG_context/chr2/plots/chr2_all_mr_data.tsv
../../../final_demo_data/rat_data/out_data/DMR_CpG_context/chr2/chr2_MR_data4maxBlockDistance_1000_minBlockSize_5_data.txt.gz
../../../final_demo_data/rat_data/out_data/DMR_CpG_context/chr2/plots/chr2_1_mr_parameters.tsv
chr2_maxDist_1000_minSize_5_DMR_clusterAccuracy_gt_0.5_miniMethyChange_gt_0.05_0.1_0.2_high_miniPercentChange_gt_0.0001_Pcutoff_0.05_isSmooth_2_isModTest_0_44_1
Log file: ../../../final_demo_data/rat_data/out_data/DMR_CpG_context//out4mr_not_in_tss_enhancer/chr2/chr2_maxlength_1000_miniSize_5_myapp.log_0
1
2
3
../../../final_demo_data/rat_data/out_data/DMR_CpG_context/chr2/plots/chr2_all_mr_data.tsv
../../../final_demo_data/rat_data/out_data/DMR_CpG_context/chr2/chr2_MR_data4maxBlockDistance_1000_minBlockSize_5_data.txt.gz
../../../final_demo_data/rat_data/out_data/DMR_CpG_context/chr2/plots/chr2_1_mr_parameters.tsv
chr2_maxDist_1000_minSize_5_DMR_clusterAccuracy_gt_0.5_miniMethyChange_gt_0.05_0.1_0.2_high_miniPercentChange_gt_0.0001_Pcutoff_0.05_isSmooth_2_isModTest_0_44_1
Log file: ../../../final_demo_data/rat_data/out_data/DMR_CpG_context//out4mr_not_in_tss_enhancer/chr2/chr2_maxlength_1000_miniSize_5_myapp.log_0
1
2
3
../../../final_demo_data/rat_data/out_data/DMR_CpG_context/chr2/plots/chr2_all_mr_data.tsv
../../../final_demo_data/rat_data/out_data/DMR_CpG_context/chr2/chr2_MR_data4maxBlockDistance_1000_minBlockSize_5_data.txt.gz
../../../final_demo_data/rat_data/out_data/DMR_CpG_context/chr2/plots/chr2_1_mr_parameters.tsv
chr2_maxDist_1000_minSize_5_DMR_clusterAccuracy_gt_0.5_miniMethyChange_gt_0.05_0.1_0.2_high_miniPercentChange_gt_0.0001_Pcutoff_0.05_isSmooth_2_isModTest_0_44_1
Log file: ../../../final_demo_data/rat_data/out_data/DMR_CpG_context//out4mr_not_in_tss_enhancer/chr2/chr2_maxlength_1000_miniSize_5_myapp.log_0
1
2
3
../../../final_demo_data/rat_data/out_data/DMR_CpG_context/chr2/plots/chr2_all_mr_data.tsv
../../../final_demo_data/rat_data/out_data/DMR_CpG_context/chr2/chr2_MR_data4maxBlockDistance_1000_minBlockSize_5_data.txt.gz
../../../final_demo_data/rat_data/out_data/DMR_CpG_context/chr2/plots/chr2_1_mr_parameters.tsv
chr2_maxDist_1000_minSize_5_DMR_clusterAccuracy_gt_0.5_miniMethyChange_gt_0.05_0.1_0.2_high_miniPercentChange_gt_0.0001_Pcutoff_0.05_isSmooth_2_isModTest_0_44_1
Log file: ../../../final_demo_data/rat_data/out_data/DMR_CpG_context//out4mr_not_in_tss_enhancer/chr2/chr2_maxlength_1000_miniSize_5_myapp.log_0
1
2
3
../../../final_demo_data/rat_data/out_data/DMR_CpG_context/chr3/plots/chr3_all_mr_data.tsv
../../../final_demo_data/rat_data/out_data/DMR_CpG_context/chr3/chr3_MR_data4maxBlockDistance_1000_minBlockSize_5_data.txt.gz
../../../final_demo_data/rat_data/out_data/DMR_CpG_context/chr3/plots/chr3_1_mr_parameters.tsv
chr3_maxDist_1000_minSize_5_DMR_clusterAccuracy_gt_0.5_miniMethyChange_gt_0.05_0.1_0.2_high_miniPercentChange_gt_0.0001_Pcutoff_0.05_isSmooth_2_isModTest_0_44_1
Log file: ../../../final_demo_data/rat_data/out_data/DMR_CpG_context//out4mr_not_in_tss_enhancer/chr3/chr3_maxlength_1000_miniSize_5_myapp.log_0
1
../../../final_demo_data/rat_data/out_data/DMR_CpG_context/chr3/plots/chr3_all_mr_data.tsv
../../../final_demo_data/rat_data/out_data/DMR_CpG_context/chr3/chr3_MR_data4maxBlockDistance_1000_minBlockSize_5_data.txt.gz
../../../final_demo_data/rat_data/out_data/DMR_CpG_context/chr3/plots/chr3_1_mr_parameters.tsv
chr3_maxDist_1000_minSize_5_DMR_clusterAccuracy_gt_0.5_miniMethyChange_gt_0.05_0.1_0.2_high_miniPercentChange_gt_0.0001_Pcutoff_0.05_isSmooth_2_isModTest_0_44_1
Log file: ../../../final_demo_data/rat_data/out_data/DMR_CpG_context//out4mr_not_in_tss_enhancer/chr3/chr3_maxlength_1000_miniSize_5_myapp.log_0
Create:  ../../../final_demo_data/rat_data/out_data/DMR_CpG_context//out4mr_not_in_tss_enhancer/chr3/data
1
2
3
../../../final_demo_data/rat_data/out_data/DMR_CpG_context/chr3/plots/chr3_all_mr_data.tsv
../../../final_demo_data/rat_data/out_data/DMR_CpG_context/chr3/chr3_MR_data4maxBlockDistance_1000_minBlockSize_5_data.txt.gz
../../../final_demo_data/rat_data/out_data/DMR_CpG_context/chr3/plots/chr3_1_mr_parameters.tsv
chr3_maxDist_1000_minSize_5_DMR_clusterAccuracy_gt_0.5_miniMethyChange_gt_0.05_0.1_0.2_high_miniPercentChange_gt_0.0001_Pcutoff_0.05_isSmooth_2_isModTest_0_44_1
Log file: ../../../final_demo_data/rat_data/out_data/DMR_CpG_context//out4mr_not_in_tss_enhancer/chr3/chr3_maxlength_1000_miniSize_5_myapp.log_0
1
2
3
../../../final_demo_data/rat_data/out_data/DMR_CpG_context/chr3/plots/chr3_all_mr_data.tsv
../../../final_demo_data/rat_data/out_data/DMR_CpG_context/chr3/chr3_MR_data4maxBlockDistance_1000_minBlockSize_5_data.txt.gz
../../../final_demo_data/rat_data/out_data/DMR_CpG_context/chr3/plots/chr3_1_mr_parameters.tsv
chr3_maxDist_1000_minSize_5_DMR_clusterAccuracy_gt_0.5_miniMethyChange_gt_0.05_0.1_0.2_high_miniPercentChange_gt_0.0001_Pcutoff_0.05_isSmooth_2_isModTest_0_44_1
Log file: ../../../final_demo_data/rat_data/out_data/DMR_CpG_context//out4mr_not_in_tss_enhancer/chr3/chr3_maxlength_1000_miniSize_5_myapp.log_0
1
2
3
../../../final_demo_data/rat_data/out_data/DMR_CpG_context/chr3/plots/chr3_all_mr_data.tsv
../../../final_demo_data/rat_data/out_data/DMR_CpG_context/chr3/chr3_MR_data4maxBlockDistance_1000_minBlockSize_5_data.txt.gz
../../../final_demo_data/rat_data/out_data/DMR_CpG_context/chr3/plots/chr3_1_mr_parameters.tsv
chr3_maxDist_1000_minSize_5_DMR_clusterAccuracy_gt_0.5_miniMethyChange_gt_0.05_0.1_0.2_high_miniPercentChange_gt_0.0001_Pcutoff_0.05_isSmooth_2_isModTest_0_44_1
Log file: ../../../final_demo_data/rat_data/out_data/DMR_CpG_context//out4mr_not_in_tss_enhancer/chr3/chr3_maxlength_1000_miniSize_5_myapp.log_0
1
2
3
../../../final_demo_data/rat_data/out_data/DMR_CpG_context/chr3/plots/chr3_all_mr_data.tsv
../../../final_demo_data/rat_data/out_data/DMR_CpG_context/chr3/chr3_MR_data4maxBlockDistance_1000_minBlockSize_5_data.txt.gz
../../../final_demo_data/rat_data/out_data/DMR_CpG_context/chr3/plots/chr3_1_mr_parameters.tsv
chr3_maxDist_1000_minSize_5_DMR_clusterAccuracy_gt_0.5_miniMethyChange_gt_0.05_0.1_0.2_high_miniPercentChange_gt_0.0001_Pcutoff_0.05_isSmooth_2_isModTest_0_44_1
Log file: ../../../final_demo_data/rat_data/out_data/DMR_CpG_context//out4mr_not_in_tss_enhancer/chr3/chr3_maxlength_1000_miniSize_5_myapp.log_0
1
2
3
../../../final_demo_data/rat_data/out_data/DMR_CpG_context/chr3/plots/chr3_all_mr_data.tsv
../../../final_demo_data/rat_data/out_data/DMR_CpG_context/chr3/chr3_MR_data4maxBlockDistance_1000_minBlockSize_5_data.txt.gz
../../../final_demo_data/rat_data/out_data/DMR_CpG_context/chr3/plots/chr3_1_mr_parameters.tsv
chr3_maxDist_1000_minSize_5_DMR_clusterAccuracy_gt_0.5_miniMethyChange_gt_0.05_0.1_0.2_high_miniPercentChange_gt_0.0001_Pcutoff_0.05_isSmooth_2_isModTest_0_44_1
Log file: ../../../final_demo_data/rat_data/out_data/DMR_CpG_context//out4mr_not_in_tss_enhancer/chr3/chr3_maxlength_1000_miniSize_5_myapp.log_0
1
2
3
../../../final_demo_data/rat_data/out_data/DMR_CpG_context/chrX/plots/chrX_all_mr_data.tsv
../../../final_demo_data/rat_data/out_data/DMR_CpG_context/chrX/chrX_MR_data4maxBlockDistance_1000_minBlockSize_5_data.txt.gz
../../../final_demo_data/rat_data/out_data/DMR_CpG_context/chrX/plots/chrX_1_mr_parameters.tsv
chrX_maxDist_1000_minSize_5_DMR_clusterAccuracy_gt_0.5_miniMethyChange_gt_0.05_0.1_0.2_high_miniPercentChange_gt_0.0001_Pcutoff_0.05_isSmooth_2_isModTest_0_337_1
Log file: ../../../final_demo_data/rat_data/out_data/DMR_CpG_context//out4mr_not_in_tss_enhancer/chrX/chrX_maxlength_1000_miniSize_5_myapp.log_0
1
2
3
4
5
6
7
8
9
10
11
12
13
14
15
16
17
18
19
20
21
22
23
24
25
26
27
28
29
30
31
32
33
34
35
36
../../../final_demo_data/rat_data/out_data/DMR_CpG_context/chrX/plots/chrX_all_mr_data.tsv
../../../final_demo_data/rat_data/out_data/DMR_CpG_context/chrX/chrX_MR_data4maxBlockDistance_1000_minBlockSize_5_data.txt.gz
../../../final_demo_data/rat_data/out_data/DMR_CpG_context/chrX/plots/chrX_1_mr_parameters.tsv
chrX_maxDist_1000_minSize_5_DMR_clusterAccuracy_gt_0.5_miniMethyChange_gt_0.05_0.1_0.2_high_miniPercentChange_gt_0.0001_Pcutoff_0.05_isSmooth_2_isModTest_0_337_1
Log file: ../../../final_demo_data/rat_data/out_data/DMR_CpG_context//out4mr_not_in_tss_enhancer/chrX/chrX_maxlength_1000_miniSize_5_myapp.log_0
1
2
3
4
5
6
7
8
9
10
11
12
13
14
15
16
17
18
19
20
21
22
23
24
25
26
27
28
29
30
31
32
33
34
35
36
37
38
39
40
41
../../../final_demo_data/rat_data/out_data/DMR_CpG_context/chrX/plots/chrX_all_mr_data.tsv
../../../final_demo_data/rat_data/out_data/DMR_CpG_context/chrX/chrX_MR_data4maxBlockDistance_1000_minBlockSize_5_data.txt.gz
../../../final_demo_data/rat_data/out_data/DMR_CpG_context/chrX/plots/chrX_1_mr_parameters.tsv
chrX_maxDist_1000_minSize_5_DMR_clusterAccuracy_gt_0.5_miniMethyChange_gt_0.05_0.1_0.2_high_miniPercentChange_gt_0.0001_Pcutoff_0.05_isSmooth_2_isModTest_0_337_1
Log file: ../../../final_demo_data/rat_data/out_data/DMR_CpG_context//out4mr_not_in_tss_enhancer/chrX/chrX_maxlength_1000_miniSize_5_myapp.log_0
Create:  ../../../final_demo_data/rat_data/out_data/DMR_CpG_context//out4mr_not_in_tss_enhancer/chrX/data
1
2
3
4
5
6
7
8
9
10
11
12
13
14
15
16
17
18
19
20
21
22
23
24
25
26
27
28
29
30
31
32
33
34
35
36
37
38
39
40
41
../../../final_demo_data/rat_data/out_data/DMR_CpG_context/chrX/plots/chrX_all_mr_data.tsv
../../../final_demo_data/rat_data/out_data/DMR_CpG_context/chrX/chrX_MR_data4maxBlockDistance_1000_minBlockSize_5_data.txt.gz
../../../final_demo_data/rat_data/out_data/DMR_CpG_context/chrX/plots/chrX_1_mr_parameters.tsv
chrX_maxDist_1000_minSize_5_DMR_clusterAccuracy_gt_0.5_miniMethyChange_gt_0.05_0.1_0.2_high_miniPercentChange_gt_0.0001_Pcutoff_0.05_isSmooth_2_isModTest_0_337_1
Log file: ../../../final_demo_data/rat_data/out_data/DMR_CpG_context//out4mr_not_in_tss_enhancer/chrX/chrX_maxlength_1000_miniSize_5_myapp.log_0
1
2
3
4
5
6
7
8
9
10
11
12
13
14
15
16
17
18
19
20
21
22
23
24
25
26
27
28
29
30
31
32
33
34
35
36
37
38
39
40
41
../../../final_demo_data/rat_data/out_data/DMR_CpG_context/chrX/plots/chrX_all_mr_data.tsv
../../../final_demo_data/rat_data/out_data/DMR_CpG_context/chrX/chrX_MR_data4maxBlockDistance_1000_minBlockSize_5_data.txt.gz
../../../final_demo_data/rat_data/out_data/DMR_CpG_context/chrX/plots/chrX_1_mr_parameters.tsv
chrX_maxDist_1000_minSize_5_DMR_clusterAccuracy_gt_0.5_miniMethyChange_gt_0.05_0.1_0.2_high_miniPercentChange_gt_0.0001_Pcutoff_0.05_isSmooth_2_isModTest_0_337_1
Log file: ../../../final_demo_data/rat_data/out_data/DMR_CpG_context//out4mr_not_in_tss_enhancer/chrX/chrX_maxlength_1000_miniSize_5_myapp.log_0
1
2
3
4
5
6
7
8
9
10
11
12
13
14
15
16
17
18
19
20
21
22
23
24
25
26
27
28
29
30
31
32
33
34
35
36
37
38
39
40
41
../../../final_demo_data/rat_data/out_data/DMR_CpG_context/chrX/plots/chrX_all_mr_data.tsv
../../../final_demo_data/rat_data/out_data/DMR_CpG_context/chrX/chrX_MR_data4maxBlockDistance_1000_minBlockSize_5_data.txt.gz
../../../final_demo_data/rat_data/out_data/DMR_CpG_context/chrX/plots/chrX_1_mr_parameters.tsv
chrX_maxDist_1000_minSize_5_DMR_clusterAccuracy_gt_0.5_miniMethyChange_gt_0.05_0.1_0.2_high_miniPercentChange_gt_0.0001_Pcutoff_0.05_isSmooth_2_isModTest_0_337_1
Log file: ../../../final_demo_data/rat_data/out_data/DMR_CpG_context//out4mr_not_in_tss_enhancer/chrX/chrX_maxlength_1000_miniSize_5_myapp.log_0
1
2
3
4
5
6
7
8
9
10
11
12
13
14
15
16
17
18
19
20
21
22
23
24
25
26
27
28
29
30
31
32
33
34
35
36
37
38
39
40
41
../../../final_demo_data/rat_data/out_data/DMR_CpG_context/chrX/plots/chrX_all_mr_data.tsv
../../../final_demo_data/rat_data/out_data/DMR_CpG_context/chrX/chrX_MR_data4maxBlockDistance_1000_minBlockSize_5_data.txt.gz
../../../final_demo_data/rat_data/out_data/DMR_CpG_context/chrX/plots/chrX_1_mr_parameters.tsv
chrX_maxDist_1000_minSize_5_DMR_clusterAccuracy_gt_0.5_miniMethyChange_gt_0.05_0.1_0.2_high_miniPercentChange_gt_0.0001_Pcutoff_0.05_isSmooth_2_isModTest_0_337_1
Log file: ../../../final_demo_data/rat_data/out_data/DMR_CpG_context//out4mr_not_in_tss_enhancer/chrX/chrX_maxlength_1000_miniSize_5_myapp.log_0
1
2
3
4
5
6
7
8
9
10
11
12
13
14
15
16
17
18
19
20
21
22
23
24
25
26
27
28
29
30
31
32
33
34
35
36
37
38
39
40
41
../../../final_demo_data/rat_data/out_data/DMR_CpG_context/chrY/plots/chrY_all_mr_data.tsv
../../../final_demo_data/rat_data/out_data/DMR_CpG_context/chrY/chrY_MR_data4maxBlockDistance_1000_minBlockSize_5_data.txt.gz
../../../final_demo_data/rat_data/out_data/DMR_CpG_context/chrY/plots/chrY_1_mr_parameters.tsv
chrY_maxDist_1000_minSize_5_DMR_clusterAccuracy_gt_0.5_miniMethyChange_gt_0.05_0.1_0.2_high_miniPercentChange_gt_0.0001_Pcutoff_0.05_isSmooth_2_isModTest_0_242_1
Log file: ../../../final_demo_data/rat_data/out_data/DMR_CpG_context//out4mr_not_in_tss_enhancer/chrY/chrY_maxlength_1000_miniSize_5_myapp.log_0
Create:  ../../../final_demo_data/rat_data/out_data/DMR_CpG_context//out4mr_not_in_tss_enhancer/chrY/data
1
2
3
4
5
6
7
8
9
10
11
12
13
14
15
16
17
18
19
20
21
22
23
24
25
26
27
28
29
30
31
32
../../../final_demo_data/rat_data/out_data/DMR_CpG_context/chrY/plots/chrY_all_mr_data.tsv
../../../final_demo_data/rat_data/out_data/DMR_CpG_context/chrY/chrY_MR_data4maxBlockDistance_1000_minBlockSize_5_data.txt.gz
../../../final_demo_data/rat_data/out_data/DMR_CpG_context/chrY/plots/chrY_1_mr_parameters.tsv
chrY_maxDist_1000_minSize_5_DMR_clusterAccuracy_gt_0.5_miniMethyChange_gt_0.05_0.1_0.2_high_miniPercentChange_gt_0.0001_Pcutoff_0.05_isSmooth_2_isModTest_0_242_1
Log file: ../../../final_demo_data/rat_data/out_data/DMR_CpG_context//out4mr_not_in_tss_enhancer/chrY/chrY_maxlength_1000_miniSize_5_myapp.log_0
1
2
3
4
5
6
7
8
9
10
11
12
13
14
15
16
17
18
19
20
21
22
23
24
25
26
27
28
29
30
31
32
33
34
../../../final_demo_data/rat_data/out_data/DMR_CpG_context/chrY/plots/chrY_all_mr_data.tsv
../../../final_demo_data/rat_data/out_data/DMR_CpG_context/chrY/chrY_MR_data4maxBlockDistance_1000_minBlockSize_5_data.txt.gz
../../../final_demo_data/rat_data/out_data/DMR_CpG_context/chrY/plots/chrY_1_mr_parameters.tsv
chrY_maxDist_1000_minSize_5_DMR_clusterAccuracy_gt_0.5_miniMethyChange_gt_0.05_0.1_0.2_high_miniPercentChange_gt_0.0001_Pcutoff_0.05_isSmooth_2_isModTest_0_242_1
Log file: ../../../final_demo_data/rat_data/out_data/DMR_CpG_context//out4mr_not_in_tss_enhancer/chrY/chrY_maxlength_1000_miniSize_5_myapp.log_0
1
2
3
4
5
6
7
8
9
10
11
12
13
14
15
16
17
18
19
20
21
22
23
24
25
26
27
28
29
30
31
32
33
34
../../../final_demo_data/rat_data/out_data/DMR_CpG_context/chrY/plots/chrY_all_mr_data.tsv
../../../final_demo_data/rat_data/out_data/DMR_CpG_context/chrY/chrY_MR_data4maxBlockDistance_1000_minBlockSize_5_data.txt.gz
../../../final_demo_data/rat_data/out_data/DMR_CpG_context/chrY/plots/chrY_1_mr_parameters.tsv
chrY_maxDist_1000_minSize_5_DMR_clusterAccuracy_gt_0.5_miniMethyChange_gt_0.05_0.1_0.2_high_miniPercentChange_gt_0.0001_Pcutoff_0.05_isSmooth_2_isModTest_0_242_1
Log file: ../../../final_demo_data/rat_data/out_data/DMR_CpG_context//out4mr_not_in_tss_enhancer/chrY/chrY_maxlength_1000_miniSize_5_myapp.log_0
1
2
3
4
5
6
7
8
9
10
11
12
13
14
15
16
17
18
19
20
21
22
23
24
25
26
27
28
29
30
31
32
33
34
../../../final_demo_data/rat_data/out_data/DMR_CpG_context/chrY/plots/chrY_all_mr_data.tsv
../../../final_demo_data/rat_data/out_data/DMR_CpG_context/chrY/chrY_MR_data4maxBlockDistance_1000_minBlockSize_5_data.txt.gz
../../../final_demo_data/rat_data/out_data/DMR_CpG_context/chrY/plots/chrY_1_mr_parameters.tsv
chrY_maxDist_1000_minSize_5_DMR_clusterAccuracy_gt_0.5_miniMethyChange_gt_0.05_0.1_0.2_high_miniPercentChange_gt_0.0001_Pcutoff_0.05_isSmooth_2_isModTest_0_242_1
Log file: ../../../final_demo_data/rat_data/out_data/DMR_CpG_context//out4mr_not_in_tss_enhancer/chrY/chrY_maxlength_1000_miniSize_5_myapp.log_0
1
2
3
4
5
6
7
8
9
10
11
12
13
14
15
16
17
18
19
20
21
22
23
24
25
26
27
28
29
30
31
32
33
34
../../../final_demo_data/rat_data/out_data/DMR_CpG_context/chrY/plots/chrY_all_mr_data.tsv
../../../final_demo_data/rat_data/out_data/DMR_CpG_context/chrY/chrY_MR_data4maxBlockDistance_1000_minBlockSize_5_data.txt.gz
../../../final_demo_data/rat_data/out_data/DMR_CpG_context/chrY/plots/chrY_1_mr_parameters.tsv
chrY_maxDist_1000_minSize_5_DMR_clusterAccuracy_gt_0.5_miniMethyChange_gt_0.05_0.1_0.2_high_miniPercentChange_gt_0.0001_Pcutoff_0.05_isSmooth_2_isModTest_0_242_1
Log file: ../../../final_demo_data/rat_data/out_data/DMR_CpG_context//out4mr_not_in_tss_enhancer/chrY/chrY_maxlength_1000_miniSize_5_myapp.log_0
1
2
3
4
5
6
7
8
9
10
11
12
13
14
15
16
17
18
19
20
21
22
23
24
25
26
27
28
29
30
31
32
33
34
../../../final_demo_data/rat_data/out_data/DMR_CpG_context/chrY/plots/chrY_all_mr_data.tsv
../../../final_demo_data/rat_data/out_data/DMR_CpG_context/chrY/chrY_MR_data4maxBlockDistance_1000_minBlockSize_5_data.txt.gz
../../../final_demo_data/rat_data/out_data/DMR_CpG_context/chrY/plots/chrY_1_mr_parameters.tsv
chrY_maxDist_1000_minSize_5_DMR_clusterAccuracy_gt_0.5_miniMethyChange_gt_0.05_0.1_0.2_high_miniPercentChange_gt_0.0001_Pcutoff_0.05_isSmooth_2_isModTest_0_242_1
Log file: ../../../final_demo_data/rat_data/out_data/DMR_CpG_context//out4mr_not_in_tss_enhancer/chrY/chrY_maxlength_1000_miniSize_5_myapp.log_0
1
2
3
4
5
6
7
8
9
10
11
12
13
14
15
16
17
18
19
20
21
22
23
24
25
26
27
28
29
30
31
32
33
34
Input file in bed format:  chr; start; end; chr:mrID:chrStart,..,chrEnd:mrType:D/U; p-value 
8 chr1
Number of blocks smaller than the number of available processes 
../../../final_demo_data/rat_data/out_data/DMR_CpG_context/chr1
../../../final_demo_data/rat_data/out_data/DMR_CpG_context/chr1
../../../final_demo_data/rat_data/out_data/DMR_CpG_context/chr1
../../../final_demo_data/rat_data/out_data/DMR_CpG_context/chr1
../../../final_demo_data/rat_data/out_data/DMR_CpG_context/chr1
../../../final_demo_data/rat_data/out_data/DMR_CpG_context/chr1
../../../final_demo_data/rat_data/out_data/DMR_CpG_context/chr1
../../../final_demo_data/rat_data/out_data/DMR_CpG_context/chr1
Running  8  jobs in  8  parallel processes!
23 chr2
../../../final_demo_data/rat_data/out_data/DMR_CpG_context/chr2
../../../final_demo_data/rat_data/out_data/DMR_CpG_context/chr2
../../../final_demo_data/rat_data/out_data/DMR_CpG_context/chr2
../../../final_demo_data/rat_data/out_data/DMR_CpG_context/chr2
../../../final_demo_data/rat_data/out_data/DMR_CpG_context/chr2
../../../final_demo_data/rat_data/out_data/DMR_CpG_context/chr2
../../../final_demo_data/rat_data/out_data/DMR_CpG_context/chr2
../../../final_demo_data/rat_data/out_data/DMR_CpG_context/chr2
Running  8  jobs in  8  parallel processes!
19 chr3
Number of blocks smaller than the number of available processes 
../../../final_demo_data/rat_data/out_data/DMR_CpG_context/chr3
../../../final_demo_data/rat_data/out_data/DMR_CpG_context/chr3
../../../final_demo_data/rat_data/out_data/DMR_CpG_context/chr3
../../../final_demo_data/rat_data/out_data/DMR_CpG_context/chr3
../../../final_demo_data/rat_data/out_data/DMR_CpG_context/chr3
../../../final_demo_data/rat_data/out_data/DMR_CpG_context/chr3
../../../final_demo_data/rat_data/out_data/DMR_CpG_context/chr3
Running  7  jobs in  7  parallel processes!
282 chrX
../../../final_demo_data/rat_data/out_data/DMR_CpG_context/chrX
../../../final_demo_data/rat_data/out_data/DMR_CpG_context/chrX
../../../final_demo_data/rat_data/out_data/DMR_CpG_context/chrX
../../../final_demo_data/rat_data/out_data/DMR_CpG_context/chrX
../../../final_demo_data/rat_data/out_data/DMR_CpG_context/chrX
../../../final_demo_data/rat_data/out_data/DMR_CpG_context/chrX
../../../final_demo_data/rat_data/out_data/DMR_CpG_context/chrX
Running  7  jobs in  7  parallel processes!
236 chrY
../../../final_demo_data/rat_data/out_data/DMR_CpG_context/chrY
../../../final_demo_data/rat_data/out_data/DMR_CpG_context/chrY
../../../final_demo_data/rat_data/out_data/DMR_CpG_context/chrY
../../../final_demo_data/rat_data/out_data/DMR_CpG_context/chrY
../../../final_demo_data/rat_data/out_data/DMR_CpG_context/chrY
../../../final_demo_data/rat_data/out_data/DMR_CpG_context/chrY
../../../final_demo_data/rat_data/out_data/DMR_CpG_context/chrY
Running  7  jobs in  7  parallel processes!
../../../final_demo_data/rat_data/out_data/DMR_CpG_context//background_samples_list.tsv  not exists and create one ! 
Create  ../../../final_demo_data/rat_data/out_data/DMR_CpG_context//background_samples_list.tsv
P-value cutoff for expected P:  0.05
Column name for MR IDs:  new_mr_sites
Input file of MR/block regions from a common tab delimated file:  ../../../final_demo_data/rat_data/out_data/DMR_CpG_context//uqGeneDmr_regions_in_deg_tss_rat.bed
Input of gene expression file is a common tab delimiated file: ../../../final_demo_data/rat_data/in_data/DEG/Adrenal1vsAdrenal2_DEG_genes_zscores_tab.tsv
Input file of background regions:  ../../../final_demo_data/rat_data/out_data/DMR_CpG_context//background_samples_list.tsv
Input file of sample name replacement is not available! sample_name4replace.tsv
Input folder of methylation data:  ../../../final_demo_data/rat_data/out_data/DMR_CpG_context//out4dmr_in_deg_tss_5dist
Total number of random samples draw from the background:  100
Number of parallel processes:  20
Eif2s3y
Eif3m
Phc3
Genes find data:  3
Genes find data and passed filtering:  0
Export at:  tss_region_100sampling_not_find_mr.json
Export:  tss_region_100sampling.csv
Done with TSS target gene prediction
P-value cutoff for expected P:  0.01
Column name for MR IDs:  new_mr_sites
Input file of MR/block regions from a common tab delimated file:  ../../../final_demo_data/rat_data/out_data/DMR_CpG_context//uqGeneDmr_regions_in_deg_5dist_rat_overlap_enhancer.bed
Input of gene expression file is a common tab delimiated file: ../../../final_demo_data/rat_data/in_data/DEG/Adrenal1vsAdrenal2_DEG_genes_zscores_tab.tsv
Input file of background regions:  ../../../final_demo_data/rat_data/out_data/DMR_CpG_context//background_samples_list.tsv
Input file of sample name replacement is not available! sample_name4replace.tsv
Input folder of methylation data:  ../../../final_demo_data/rat_data/out_data/DMR_CpG_context//out4dmr_in_deg_tss_5dist
Total number of random samples draw from the background:  100
Number of parallel processes:  20
Eif3m
Fgd1
Hipk3
Qser1
Syp
Tab2
Tfe3
Wt1
Genes find data:  8
Genes find data and passed filtering:  1
Export at:  distance_region_100sampling_not_find_mr.json
Export:  distance_region_100sampling.csv
Done with 5distance target gene prediction

Job 8202907 consumed 4.1 billing hours from project nn4605k.

Submitted 2023-03-20T14:01:10; waited 14.0 seconds in the queue after becoming eligible to run.

Requested wallclock time: 15.0 hours
Elapsed wallclock time:   7.4 minutes

Task and CPU statistics:
ID             CPUs  Tasks  CPU util                Start  Elapsed  Exit status
8202907          20            0.0 %  2023-03-20T14:01:24  444.0 s  0
8202907.batch    20      1   134.9 %  2023-03-20T14:01:24  444.0 s  0

Used CPU time:   3.3 CPU hours
Unused CPU time: 0.0 CPU seconds

Memory statistics, in GiB:
ID              Alloc   Usage
8202907         300.0        
8202907.batch   300.0     0.9

Job 8202907 completed at Mon Mar 20 14:08:48 CET 2023
